# JRE version: OpenJDK Runtime Environment (11.0.11+9) (build 11.0.11+9-Ubuntu-0ubuntu2.18.04)
# Java VM: OpenJDK 64-Bit Server VM (11.0.11+9-Ubuntu-0ubuntu2.18.04, mixed mode, sharing, tiered, compressed oops, g1 gc, linux-amd64)
Heap:
 garbage-first heap   total 462848K, used 236060K [0x0000000707000000, 0x0000000800000000)
  region size 1024K, 224 young (229376K), 13 survivors (13312K)
 Metaspace       used 56232K, capacity 58252K, committed 58524K, reserved 1099776K
  class space    used 7691K, capacity 8486K, committed 8604K, reserved 1048576K
GC Heap History (18 events):
Event: 0.471 GC heap before
{Heap before GC invocations=0 (full 0):
 garbage-first heap   total 258048K, used 15048K [0x0000000707000000, 0x0000000800000000)
  region size 1024K, 14 young (14336K), 0 survivors (0K)
 Metaspace       used 2196K, capacity 4798K, committed 4864K, reserved 1056768K
  class space    used 271K, capacity 475K, committed 512K, reserved 1048576K
}
Event: 0.484 GC heap after
{Heap after GC invocations=1 (full 0):
 garbage-first heap   total 258048K, used 7741K [0x0000000707000000, 0x0000000800000000)
  region size 1024K, 2 young (2048K), 2 survivors (2048K)
 Metaspace       used 2196K, capacity 4798K, committed 4864K, reserved 1056768K
  class space    used 271K, capacity 475K, committed 512K, reserved 1048576K
}
Event: 0.768 GC heap before
{Heap before GC invocations=1 (full 0):
 garbage-first heap   total 258048K, used 17981K [0x0000000707000000, 0x0000000800000000)
  region size 1024K, 12 young (12288K), 2 survivors (2048K)
 Metaspace       used 5299K, capacity 5616K, committed 5888K, reserved 1056768K
  class space    used 631K, capacity 731K, committed 768K, reserved 1048576K
}
Event: 0.777 GC heap after
{Heap after GC invocations=2 (full 0):
 garbage-first heap   total 258048K, used 8579K [0x0000000707000000, 0x0000000800000000)
  region size 1024K, 1 young (1024K), 1 survivors (1024K)
 Metaspace       used 5299K, capacity 5616K, committed 5888K, reserved 1056768K
  class space    used 631K, capacity 731K, committed 768K, reserved 1048576K
}
Event: 1.011 GC heap before
{Heap before GC invocations=2 (full 0):
 garbage-first heap   total 258048K, used 34179K [0x0000000707000000, 0x0000000800000000)
  region size 1024K, 27 young (27648K), 1 survivors (1024K)
 Metaspace       used 7117K, capacity 7478K, committed 7680K, reserved 1056768K
  class space    used 870K, capacity 1007K, committed 1024K, reserved 1048576K
}
Event: 1.016 GC heap after
{Heap after GC invocations=3 (full 0):
 garbage-first heap   total 258048K, used 9770K [0x0000000707000000, 0x0000000800000000)
  region size 1024K, 2 young (2048K), 2 survivors (2048K)
 Metaspace       used 7117K, capacity 7478K, committed 7680K, reserved 1056768K
  class space    used 870K, capacity 1007K, committed 1024K, reserved 1048576K
}
Event: 1.098 GC heap before
{Heap before GC invocations=3 (full 0):
 garbage-first heap   total 258048K, used 46634K [0x0000000707000000, 0x0000000800000000)
  region size 1024K, 39 young (39936K), 2 survivors (2048K)
 Metaspace       used 7389K, capacity 7807K, committed 8064K, reserved 1056768K
  class space    used 915K, capacity 1052K, committed 1152K, reserved 1048576K
}
Event: 1.102 GC heap after
{Heap after GC invocations=4 (full 0):
 garbage-first heap   total 258048K, used 9782K [0x0000000707000000, 0x0000000800000000)
  region size 1024K, 2 young (2048K), 2 survivors (2048K)
 Metaspace       used 7389K, capacity 7807K, committed 8064K, reserved 1056768K
  class space    used 915K, capacity 1052K, committed 1152K, reserved 1048576K
}
Event: 1.842 GC heap before
{Heap before GC invocations=4 (full 0):
 garbage-first heap   total 258048K, used 67126K [0x0000000707000000, 0x0000000800000000)
  region size 1024K, 58 young (59392K), 2 survivors (2048K)
 Metaspace       used 14217K, capacity 14967K, committed 15360K, reserved 1062912K
  class space    used 1908K, capacity 2202K, committed 2304K, reserved 1048576K
}
Event: 1.860 GC heap after
{Heap after GC invocations=5 (full 0):
 garbage-first heap   total 324608K, used 12072K [0x0000000707000000, 0x0000000800000000)
  region size 1024K, 5 young (5120K), 5 survivors (5120K)
 Metaspace       used 14217K, capacity 14967K, committed 15360K, reserved 1062912K
  class space    used 1908K, capacity 2202K, committed 2304K, reserved 1048576K
}
Event: 2.276 GC heap before
{Heap before GC invocations=5 (full 0):
 garbage-first heap   total 324608K, used 91944K [0x0000000707000000, 0x0000000800000000)
  region size 1024K, 84 young (86016K), 5 survivors (5120K)
 Metaspace       used 18616K, capacity 19466K, committed 19840K, reserved 1067008K
  class space    used 2514K, capacity 2848K, committed 2944K, reserved 1048576K
}
Event: 2.291 GC heap after
{Heap after GC invocations=6 (full 0):
 garbage-first heap   total 324608K, used 13636K [0x0000000707000000, 0x0000000800000000)
  region size 1024K, 6 young (6144K), 6 survivors (6144K)
 Metaspace       used 18616K, capacity 19466K, committed 19840K, reserved 1067008K
  class space    used 2514K, capacity 2848K, committed 2944K, reserved 1048576K
}
Event: 2.398 GC heap before
{Heap before GC invocations=6 (full 0):
 garbage-first heap   total 324608K, used 30020K [0x0000000707000000, 0x0000000800000000)
  region size 1024K, 23 young (23552K), 6 survivors (6144K)
 Metaspace       used 20199K, capacity 21096K, committed 21248K, reserved 1067008K
  class space    used 2692K, capacity 3030K, committed 3072K, reserved 1048576K
}
Event: 2.409 GC heap after
{Heap after GC invocations=7 (full 0):
 garbage-first heap   total 324608K, used 14715K [0x0000000707000000, 0x0000000800000000)
  region size 1024K, 7 young (7168K), 7 survivors (7168K)
 Metaspace       used 20199K, capacity 21096K, committed 21248K, reserved 1067008K
  class space    used 2692K, capacity 3030K, committed 3072K, reserved 1048576K
}
Event: 3.396 GC heap before
{Heap before GC invocations=8 (full 0):
 garbage-first heap   total 324608K, used 138619K [0x0000000707000000, 0x0000000800000000)
  region size 1024K, 129 young (132096K), 7 survivors (7168K)
 Metaspace       used 28781K, capacity 30233K, committed 30460K, reserved 1075200K
  class space    used 3941K, capacity 4489K, committed 4604K, reserved 1048576K
}
Event: 3.411 GC heap after
{Heap after GC invocations=9 (full 0):
 garbage-first heap   total 324608K, used 18643K [0x0000000707000000, 0x0000000800000000)
  region size 1024K, 11 young (11264K), 11 survivors (11264K)
 Metaspace       used 28781K, capacity 30233K, committed 30460K, reserved 1075200K
  class space    used 3941K, capacity 4489K, committed 4604K, reserved 1048576K
}
Event: 3.841 GC heap before
{Heap before GC invocations=9 (full 0):
 garbage-first heap   total 324608K, used 139475K [0x0000000707000000, 0x0000000800000000)
  region size 1024K, 131 young (134144K), 11 survivors (11264K)
 Metaspace       used 34456K, capacity 35859K, committed 36048K, reserved 1079296K
  class space    used 4704K, capacity 5255K, committed 5328K, reserved 1048576K
}
Event: 3.856 GC heap after
{Heap after GC invocations=10 (full 0):
 garbage-first heap   total 462848K, used 21020K [0x0000000707000000, 0x0000000800000000)
  region size 1024K, 13 young (13312K), 13 survivors (13312K)
 Metaspace       used 34456K, capacity 35859K, committed 36048K, reserved 1079296K
  class space    used 4704K, capacity 5255K, committed 5328K, reserved 1048576K
}

