# JRE version: OpenJDK Runtime Environment (11.0.11+9) (build 11.0.11+9-Ubuntu-0ubuntu2.18.04)
# Java VM: OpenJDK 64-Bit Server VM (11.0.11+9-Ubuntu-0ubuntu2.18.04, mixed mode, sharing, tiered, compressed oops, g1 gc, linux-amd64)
Heap:
 garbage-first heap   total 350208K, used 96030K [0x0000000707000000, 0x0000000800000000)
  region size 1024K, 63 young (64512K), 6 survivors (6144K)
 Metaspace       used 27382K, capacity 28717K, committed 28976K, reserved 1075200K
  class space    used 3606K, capacity 4157K, committed 4224K, reserved 1048576K
GC Heap History (10 events):
Event: 0.851 GC heap before
{Heap before GC invocations=0 (full 0):
 garbage-first heap   total 258048K, used 14024K [0x0000000707000000, 0x0000000800000000)
  region size 1024K, 14 young (14336K), 0 survivors (0K)
 Metaspace       used 3865K, capacity 5058K, committed 5248K, reserved 1056768K
  class space    used 493K, capacity 589K, committed 640K, reserved 1048576K
}
Event: 0.872 GC heap after
{Heap after GC invocations=1 (full 0):
 garbage-first heap   total 258048K, used 3630K [0x0000000707000000, 0x0000000800000000)
  region size 1024K, 2 young (2048K), 2 survivors (2048K)
 Metaspace       used 3865K, capacity 5058K, committed 5248K, reserved 1056768K
  class space    used 493K, capacity 589K, committed 640K, reserved 1048576K
}
Event: 1.107 GC heap before
{Heap before GC invocations=1 (full 0):
 garbage-first heap   total 258048K, used 13870K [0x0000000707000000, 0x0000000800000000)
  region size 1024K, 12 young (12288K), 2 survivors (2048K)
 Metaspace       used 5851K, capacity 6148K, committed 6272K, reserved 1056768K
  class space    used 711K, capacity 838K, committed 896K, reserved 1048576K
}
Event: 1.115 GC heap after
{Heap after GC invocations=2 (full 0):
 garbage-first heap   total 258048K, used 4637K [0x0000000707000000, 0x0000000800000000)
  region size 1024K, 1 young (1024K), 1 survivors (1024K)
 Metaspace       used 5851K, capacity 6148K, committed 6272K, reserved 1056768K
  class space    used 711K, capacity 838K, committed 896K, reserved 1048576K
}
Event: 1.739 GC heap before
{Heap before GC invocations=2 (full 0):
 garbage-first heap   total 258048K, used 33309K [0x0000000707000000, 0x0000000800000000)
  region size 1024K, 29 young (29696K), 1 survivors (1024K)
 Metaspace       used 10188K, capacity 10760K, committed 10880K, reserved 1058816K
  class space    used 1350K, capacity 1577K, committed 1664K, reserved 1048576K
}
Event: 1.751 GC heap after
{Heap after GC invocations=3 (full 0):
 garbage-first heap   total 258048K, used 6347K [0x0000000707000000, 0x0000000800000000)
  region size 1024K, 3 young (3072K), 3 survivors (3072K)
 Metaspace       used 10188K, capacity 10760K, committed 10880K, reserved 1058816K
  class space    used 1350K, capacity 1577K, committed 1664K, reserved 1048576K
}
Event: 2.720 GC heap before
{Heap before GC invocations=3 (full 0):
 garbage-first heap   total 258048K, used 47307K [0x0000000707000000, 0x0000000800000000)
  region size 1024K, 44 young (45056K), 3 survivors (3072K)
 Metaspace       used 16392K, capacity 17319K, committed 17408K, reserved 1064960K
  class space    used 2172K, capacity 2546K, committed 2560K, reserved 1048576K
}
Event: 2.750 GC heap after
{Heap after GC invocations=4 (full 0):
 garbage-first heap   total 258048K, used 8000K [0x0000000707000000, 0x0000000800000000)
  region size 1024K, 5 young (5120K), 5 survivors (5120K)
 Metaspace       used 16392K, capacity 17319K, committed 17408K, reserved 1064960K
  class space    used 2172K, capacity 2546K, committed 2560K, reserved 1048576K
}
Event: 3.729 GC heap before
{Heap before GC invocations=4 (full 0):
 garbage-first heap   total 258048K, used 42816K [0x0000000707000000, 0x0000000800000000)
  region size 1024K, 40 young (40960K), 5 survivors (5120K)
 Metaspace       used 20131K, capacity 21113K, committed 21296K, reserved 1067008K
  class space    used 2683K, capacity 3081K, committed 3200K, reserved 1048576K
}
Event: 3.742 GC heap after
{Heap after GC invocations=5 (full 0):
 garbage-first heap   total 350208K, used 10014K [0x0000000707000000, 0x0000000800000000)
  region size 1024K, 6 young (6144K), 6 survivors (6144K)
 Metaspace       used 20131K, capacity 21113K, committed 21296K, reserved 1067008K
  class space    used 2683K, capacity 3081K, committed 3200K, reserved 1048576K
}

